

Started GET "/" for ::1 at 2018-04-06 14:30:12 +0700
Processing by Rails::WelcomeController#index as HTML
  Rendered /Users/sirisak/.rvm/gems/ruby-2.3.1/gems/railties-4.2.5.2/lib/rails/templates/rails/welcome/index.html.erb (2.4ms)
Completed 200 OK in 22ms (Views: 14.3ms | ActiveRecord: 0.0ms)
  [1m[36m (1.6ms)[0m  [1mCREATE TABLE "schema_migrations" ("version" varchar NOT NULL) [0m
  [1m[35m (0.2ms)[0m  select sqlite_version(*)
  [1m[36m (0.6ms)[0m  [1mCREATE UNIQUE INDEX "unique_schema_migrations" ON "schema_migrations" ("version")[0m
  [1m[35mActiveRecord::SchemaMigration Load (0.1ms)[0m  SELECT "schema_migrations".* FROM "schema_migrations"
Migrating to CreateTransactions (20180406073314)
  [1m[36m (0.1ms)[0m  [1mbegin transaction[0m
  [1m[35m (0.4ms)[0m  CREATE TABLE "transactions" ("id" INTEGER PRIMARY KEY AUTOINCREMENT NOT NULL, "txref" varchar, "type" varchar, "asset" varchar, "amount" float, "created_at" datetime NOT NULL, "updated_at" datetime NOT NULL) 
  [1m[36mSQL (0.1ms)[0m  [1mINSERT INTO "schema_migrations" ("version") VALUES (?)[0m  [["version", "20180406073314"]]
  [1m[35m (0.4ms)[0m  commit transaction
Migrating to CreateUsers (20180406073559)
  [1m[36m (0.0ms)[0m  [1mbegin transaction[0m
  [1m[35m (0.2ms)[0m  CREATE TABLE "users" ("id" INTEGER PRIMARY KEY AUTOINCREMENT NOT NULL, "name" varchar, "created_at" datetime NOT NULL, "updated_at" datetime NOT NULL) 
  [1m[36mSQL (0.1ms)[0m  [1mINSERT INTO "schema_migrations" ("version") VALUES (?)[0m  [["version", "20180406073559"]]
  [1m[35m (0.4ms)[0m  commit transaction
Migrating to CreateCashBalances (20180406073700)
  [1m[36m (0.0ms)[0m  [1mbegin transaction[0m
  [1m[35m (0.2ms)[0m  CREATE TABLE "cash_balances" ("id" INTEGER PRIMARY KEY AUTOINCREMENT NOT NULL, "amount" float, "user_id" integer, "created_at" datetime NOT NULL, "updated_at" datetime NOT NULL) 
  [1m[36m (0.1ms)[0m  [1mCREATE  INDEX "index_cash_balances_on_user_id" ON "cash_balances" ("user_id")[0m
  [1m[35mSQL (0.1ms)[0m  INSERT INTO "schema_migrations" ("version") VALUES (?)  [["version", "20180406073700"]]
  [1m[36m (0.4ms)[0m  [1mcommit transaction[0m
Migrating to CreateGoldBalances (20180406073712)
  [1m[35m (0.0ms)[0m  begin transaction
  [1m[36m (0.3ms)[0m  [1mCREATE TABLE "gold_balances" ("id" INTEGER PRIMARY KEY AUTOINCREMENT NOT NULL, "amount" float, "user_id" integer, "created_at" datetime NOT NULL, "updated_at" datetime NOT NULL) [0m
  [1m[35m (0.1ms)[0m  CREATE  INDEX "index_gold_balances_on_user_id" ON "gold_balances" ("user_id")
  [1m[36mSQL (0.1ms)[0m  [1mINSERT INTO "schema_migrations" ("version") VALUES (?)[0m  [["version", "20180406073712"]]
  [1m[35m (0.5ms)[0m  commit transaction
  [1m[36mActiveRecord::SchemaMigration Load (0.1ms)[0m  [1mSELECT "schema_migrations".* FROM "schema_migrations"[0m
  [1m[35m (0.3ms)[0m              SELECT sql
            FROM sqlite_master
            WHERE name='index_cash_balances_on_user_id' AND type='index'
            UNION ALL
            SELECT sql
            FROM sqlite_temp_master
            WHERE name='index_cash_balances_on_user_id' AND type='index'

  [1m[36m (0.1ms)[0m  [1m            SELECT sql
            FROM sqlite_master
            WHERE name='index_gold_balances_on_user_id' AND type='index'
            UNION ALL
            SELECT sql
            FROM sqlite_temp_master
            WHERE name='index_gold_balances_on_user_id' AND type='index'
[0m
